<?xml version="1.0" encoding="UTF-8"?>
<coverage generated="1763329207573" clover="3.2.0">
  <project timestamp="1763329207574" name="All files">
    <metrics statements="17" coveredstatements="6" conditionals="8" coveredconditionals="5" methods="4" coveredmethods="2" elements="29" coveredelements="13" complexity="0" loc="17" ncloc="17" packages="1" files="1" classes="1"/>
    <file name="controladorlogin.js" path="C:\Users\kaiky\Downloads\Projetos_VS\Tarefa_MVP\controladorlogin.js">
      <metrics statements="17" coveredstatements="6" conditionals="8" coveredconditionals="5" methods="4" coveredmethods="2"/>
      <line num="3" count="3" type="stmt"/>
      <line num="4" count="3" type="cond" truecount="1" falsecount="1"/>
      <line num="5" count="0" type="stmt"/>
      <line num="10" count="0" type="stmt"/>
      <line num="11" count="0" type="stmt"/>
      <line num="12" count="0" type="stmt"/>
      <line num="13" count="0" type="stmt"/>
      <line num="15" count="0" type="stmt"/>
      <line num="16" count="0" type="cond" truecount="0" falsecount="2"/>
      <line num="17" count="0" type="stmt"/>
      <line num="18" count="0" type="stmt"/>
      <line num="21" count="0" type="stmt"/>
      <line num="22" count="0" type="stmt"/>
      <line num="27" count="3" type="cond" truecount="4" falsecount="0"/>
      <line num="28" count="2" type="stmt"/>
      <line num="30" count="1" type="stmt"/>
      <line num="34" count="1" type="stmt"/>
    </file>
  </project>
</coverage>
