{"C:\\Users\\kaiky\\Downloads\\Projetos_VS\\Tarefa_MVP\\controladorlogin.js": {"path":"C:\\Users\\kaiky\\Downloads\\Projetos_VS\\Tarefa_MVP\\controladorlogin.js","statementMap":{"0":{"start":{"line":3,"column":8},"end":{"line":3,"column":68}},"1":{"start":{"line":4,"column":8},"end":{"line":6,"column":9}},"2":{"start":{"line":5,"column":12},"end":{"line":5,"column":27}},"3":{"start":{"line":10,"column":8},"end":{"line":23,"column":11}},"4":{"start":{"line":11,"column":12},"end":{"line":11,"column":36}},"5":{"start":{"line":12,"column":26},"end":{"line":12,"column":84}},"6":{"start":{"line":13,"column":26},"end":{"line":13,"column":87}},"7":{"start":{"line":15,"column":39},"end":{"line":15,"column":71}},"8":{"start":{"line":16,"column":12},"end":{"line":19,"column":13}},"9":{"start":{"line":17,"column":16},"end":{"line":17,"column":51}},"10":{"start":{"line":18,"column":16},"end":{"line":18,"column":23}},"11":{"start":{"line":21,"column":12},"end":{"line":21,"column":35}},"12":{"start":{"line":22,"column":12},"end":{"line":22,"column":50}},"13":{"start":{"line":27,"column":8},"end":{"line":29,"column":9}},"14":{"start":{"line":28,"column":12},"end":{"line":28,"column":83}},"15":{"start":{"line":30,"column":8},"end":{"line":30,"column":44}},"16":{"start":{"line":34,"column":0},"end":{"line":34,"column":34}}},"fnMap":{"0":{"name":"(anonymous_0)","decl":{"start":{"line":2,"column":4},"end":{"line":2,"column":5}},"loc":{"start":{"line":2,"column":35},"end":{"line":7,"column":5}},"line":2},"1":{"name":"(anonymous_1)","decl":{"start":{"line":9,"column":4},"end":{"line":9,"column":5}},"loc":{"start":{"line":9,"column":14},"end":{"line":24,"column":5}},"line":9},"2":{"name":"(anonymous_2)","decl":{"start":{"line":10,"column":51},"end":{"line":10,"column":52}},"loc":{"start":{"line":10,"column":63},"end":{"line":23,"column":9}},"line":10},"3":{"name":"(anonymous_3)","decl":{"start":{"line":26,"column":4},"end":{"line":26,"column":5}},"loc":{"start":{"line":26,"column":32},"end":{"line":31,"column":5}},"line":26}},"branchMap":{"0":{"loc":{"start":{"line":4,"column":8},"end":{"line":6,"column":9}},"type":"if","locations":[{"start":{"line":4,"column":8},"end":{"line":6,"column":9}},{"start":{},"end":{}}],"line":4},"1":{"loc":{"start":{"line":16,"column":12},"end":{"line":19,"column":13}},"type":"if","locations":[{"start":{"line":16,"column":12},"end":{"line":19,"column":13}},{"start":{},"end":{}}],"line":16},"2":{"loc":{"start":{"line":27,"column":8},"end":{"line":29,"column":9}},"type":"if","locations":[{"start":{"line":27,"column":8},"end":{"line":29,"column":9}},{"start":{},"end":{}}],"line":27},"3":{"loc":{"start":{"line":27,"column":12},"end":{"line":27,"column":28}},"type":"binary-expr","locations":[{"start":{"line":27,"column":12},"end":{"line":27,"column":18}},{"start":{"line":27,"column":22},"end":{"line":27,"column":28}}],"line":27}},"s":{"0":3,"1":3,"2":0,"3":0,"4":0,"5":0,"6":0,"7":0,"8":0,"9":0,"10":0,"11":0,"12":0,"13":3,"14":2,"15":1,"16":1},"f":{"0":3,"1":0,"2":0,"3":3},"b":{"0":[0,3],"1":[0,0],"2":[2,1],"3":[3,2]},"_coverageSchema":"1a1c01bbd47fc00a2c39e90264f33305004495a9","hash":"1323e84950cd27c6f3d1265bc5bc394b95caaf23"}
}
